This file contains any messages produced by compilers while
running configure, to aid debugging if configure makes a mistake.

It was created by configure, which was
generated by GNU Autoconf 2.69.  Invocation command line was

  $ ./fuzzing-lab/libxml2/configure 

## --------- ##
## Platform. ##
## --------- ##

hostname = harmony
uname -m = x86_64
uname -r = 5.4.0-122-generic
uname -s = Linux
uname -v = #138~18.04.1-Ubuntu SMP Fri Jun 24 14:14:03 UTC 2022

/usr/bin/uname -p = unknown
/bin/uname -X     = unknown

/bin/arch              = unknown
/usr/bin/arch -k       = unknown
/usr/convex/getsysinfo = unknown
/usr/bin/hostinfo      = unknown
/bin/machine           = unknown
/usr/bin/oslevel       = unknown
/bin/universe          = unknown

PATH: /usr/share/maven-3.8.6/bin
PATH: /usr/local/sbin
PATH: /usr/local/bin
PATH: /usr/sbin
PATH: /usr/bin
PATH: /sbin
PATH: /bin
PATH: /usr/games
PATH: /usr/local/games
PATH: /snap/bin


## ----------- ##
## Core tests. ##
## ----------- ##

configure:2515: checking build system type
configure:2529: result: x86_64-unknown-linux-gnu
configure:2549: checking host system type
configure:2562: result: x86_64-unknown-linux-gnu
configure:2642: checking for a BSD-compatible install
configure:2710: result: /usr/bin/install -c
configure:2721: checking whether build environment is sane
configure:2776: result: yes
configure:2927: checking for a thread-safe mkdir -p
configure:2966: result: /bin/mkdir -p
configure:2973: checking for gawk
configure:3003: result: no
configure:2973: checking for mawk
configure:2989: found /usr/bin/mawk
configure:3000: result: mawk
configure:3011: checking whether make sets $(MAKE)
configure:3033: result: yes
configure:3062: checking whether make supports nested variables
configure:3079: result: yes
configure:3096: error: source directory already configured; run "make distclean" there first

## ---------------- ##
## Cache variables. ##
## ---------------- ##

ac_cv_build=x86_64-unknown-linux-gnu
ac_cv_env_CC_set=
ac_cv_env_CC_value=
ac_cv_env_CFLAGS_set=
ac_cv_env_CFLAGS_value=
ac_cv_env_CPPFLAGS_set=
ac_cv_env_CPPFLAGS_value=
ac_cv_env_CPP_set=
ac_cv_env_CPP_value=
ac_cv_env_LDFLAGS_set=
ac_cv_env_LDFLAGS_value=
ac_cv_env_LIBS_set=
ac_cv_env_LIBS_value=
ac_cv_env_LZMA_CFLAGS_set=
ac_cv_env_LZMA_CFLAGS_value=
ac_cv_env_LZMA_LIBS_set=
ac_cv_env_LZMA_LIBS_value=
ac_cv_env_PKG_CONFIG_LIBDIR_set=
ac_cv_env_PKG_CONFIG_LIBDIR_value=
ac_cv_env_PKG_CONFIG_PATH_set=
ac_cv_env_PKG_CONFIG_PATH_value=
ac_cv_env_PKG_CONFIG_set=
ac_cv_env_PKG_CONFIG_value=
ac_cv_env_build_alias_set=
ac_cv_env_build_alias_value=
ac_cv_env_host_alias_set=
ac_cv_env_host_alias_value=
ac_cv_env_target_alias_set=
ac_cv_env_target_alias_value=
ac_cv_host=x86_64-unknown-linux-gnu
ac_cv_path_install='/usr/bin/install -c'
ac_cv_path_mkdir=/bin/mkdir
ac_cv_prog_AWK=mawk
ac_cv_prog_make_make_set=yes
am_cv_make_support_nested_variables=yes

## ----------------- ##
## Output variables. ##
## ----------------- ##

ACLOCAL=''
AMDEPBACKSLASH=''
AMDEP_FALSE=''
AMDEP_TRUE=''
AMTAR=''
AM_BACKSLASH='\'
AM_DEFAULT_V='$(AM_DEFAULT_VERBOSITY)'
AM_DEFAULT_VERBOSITY='1'
AM_V='$(V)'
AR=''
AUTOCONF=''
AUTOHEADER=''
AUTOMAKE=''
AWK='mawk'
BASE_THREAD_LIBS=''
C14N_OBJ=''
CATALOG_OBJ=''
CC=''
CCDEPMODE=''
CFLAGS=''
CPP=''
CPPFLAGS=''
CYGPATH_W=''
CYGWIN_EXTRA_LDFLAGS=''
CYGWIN_EXTRA_PYTHON_LIBADD=''
DEBUG_OBJ=''
DEFS=''
DEPDIR=''
DLLTOOL=''
DOCB_OBJ=''
DSYMUTIL=''
DUMPBIN=''
ECHO_C=''
ECHO_N='-n'
ECHO_T=''
EGREP=''
EXEEXT=''
FGREP=''
FTP_OBJ=''
GREP=''
HAVE_ISINF=''
HAVE_ISNAN=''
HTML_DIR=''
HTML_OBJ=''
HTTP_OBJ=''
ICONV_LIBS=''
ICU_LIBS=''
INSTALL_DATA='${INSTALL} -m 644'
INSTALL_PROGRAM='${INSTALL}'
INSTALL_SCRIPT='${INSTALL}'
INSTALL_STRIP_PROGRAM='$(install_sh) -c -s'
LD=''
LDFLAGS=''
LIBOBJS=''
LIBS=''
LIBTOOL=''
LIBXML_MAJOR_VERSION='2'
LIBXML_MICRO_VERSION='2'
LIBXML_MINOR_VERSION='9'
LIBXML_VERSION='2.9.2'
LIBXML_VERSION_EXTRA=''
LIBXML_VERSION_INFO='11:2:9'
LIBXML_VERSION_NUMBER='20902'
LIPO=''
LN_S=''
LTLIBOBJS=''
LZMA_CFLAGS=''
LZMA_LIBS=''
MAKEINFO=''
MANIFEST_TOOL=''
MKDIR_P='/bin/mkdir -p'
MODULE_EXTENSION=''
MODULE_PLATFORM_LIBS=''
MV=''
M_LIBS=''
NM=''
NMEDIT=''
OBJDUMP=''
OBJEXT=''
OTOOL64=''
OTOOL=''
PACKAGE=''
PACKAGE_BUGREPORT=''
PACKAGE_NAME=''
PACKAGE_STRING=''
PACKAGE_TARNAME=''
PACKAGE_URL=''
PACKAGE_VERSION=''
PATH_SEPARATOR=':'
PERL=''
PKG_CONFIG=''
PKG_CONFIG_LIBDIR=''
PKG_CONFIG_PATH=''
PYTHON=''
PYTHON_INCLUDES=''
PYTHON_LIBS=''
PYTHON_SITE_PACKAGES=''
PYTHON_SUBDIR=''
PYTHON_TESTS=''
PYTHON_VERSION=''
RANLIB=''
RDL_LIBS=''
READER_TEST=''
REBUILD_DOCS_FALSE=''
REBUILD_DOCS_TRUE=''
RELDATE=''
SED=''
SET_MAKE=''
SHELL='/bin/bash'
STATIC_BINARIES=''
STRIP=''
TAR=''
TEST_C14N=''
TEST_CATALOG=''
TEST_DEBUG=''
TEST_HTML=''
TEST_MODULES=''
TEST_PATTERN=''
TEST_PHTML=''
TEST_PUSH=''
TEST_REGEXPS=''
TEST_SAX=''
TEST_SCHEMAS=''
TEST_SCHEMATRON=''
TEST_THREADS=''
TEST_VALID=''
TEST_VTIME=''
TEST_XINCLUDE=''
TEST_XPATH=''
TEST_XPTR=''
THREADS_W32_FALSE=''
THREADS_W32_TRUE=''
THREAD_CFLAGS=''
THREAD_LIBS=''
USE_VERSION_SCRIPT_FALSE=''
USE_VERSION_SCRIPT_TRUE=''
VERSION='2.9.2'
VERSION_SCRIPT_FLAGS=''
WGET=''
WIN32_EXTRA_LDFLAGS=''
WIN32_EXTRA_LIBADD=''
WIN32_EXTRA_PYTHON_LIBADD=''
WITH_C14N=''
WITH_CATALOG=''
WITH_DEBUG=''
WITH_DOCB=''
WITH_FTP=''
WITH_HTML=''
WITH_HTTP=''
WITH_ICONV=''
WITH_ICU=''
WITH_ISO8859X=''
WITH_LEGACY=''
WITH_LZMA=''
WITH_MEM_DEBUG=''
WITH_MODULES=''
WITH_OUTPUT=''
WITH_PATTERN=''
WITH_PUSH=''
WITH_PYTHON_FALSE=''
WITH_PYTHON_TRUE=''
WITH_READER=''
WITH_REGEXPS=''
WITH_RUN_DEBUG=''
WITH_SAX1=''
WITH_SAX1_SOURCES_FALSE=''
WITH_SAX1_SOURCES_TRUE=''
WITH_SCHEMAS=''
WITH_SCHEMATRON=''
WITH_THREADS=''
WITH_THREAD_ALLOC=''
WITH_TREE=''
WITH_TRIO=''
WITH_TRIO_SOURCES_FALSE=''
WITH_TRIO_SOURCES_TRUE=''
WITH_VALID=''
WITH_WRITER=''
WITH_XINCLUDE=''
WITH_XPATH=''
WITH_XPTR=''
WITH_ZLIB=''
XINCLUDE_OBJ=''
XMLLINT=''
XML_CFLAGS=''
XML_INCLUDEDIR=''
XML_LIBDIR=''
XML_LIBS=''
XML_LIBTOOLLIBS=''
XPATH_OBJ=''
XPTR_OBJ=''
XSLTPROC=''
Z_CFLAGS=''
Z_LIBS=''
ac_ct_AR=''
ac_ct_CC=''
ac_ct_DUMPBIN=''
am__EXEEXT_FALSE=''
am__EXEEXT_TRUE=''
am__fastdepCC_FALSE=''
am__fastdepCC_TRUE=''
am__include=''
am__isrc=' -I$(srcdir)'
am__leading_dot='.'
am__nodep=''
am__quote=''
am__tar=''
am__untar=''
bindir='${exec_prefix}/bin'
build='x86_64-unknown-linux-gnu'
build_alias=''
build_cpu='x86_64'
build_os='linux-gnu'
build_vendor='unknown'
datadir='${datarootdir}'
datarootdir='${prefix}/share'
docdir='${datarootdir}/doc/${PACKAGE}'
dvidir='${docdir}'
exec_prefix='NONE'
host='x86_64-unknown-linux-gnu'
host_alias=''
host_cpu='x86_64'
host_os='linux-gnu'
host_vendor='unknown'
htmldir='${docdir}'
includedir='${prefix}/include'
infodir='${datarootdir}/info'
install_sh='${SHELL} /home/leeejjju/Capston/capston-winter/project4_cimin/toy_fuzz/fuzzing-lab/libxml2/install-sh'
libdir='${exec_prefix}/lib'
libexecdir='${exec_prefix}/libexec'
localedir='${datarootdir}/locale'
localstatedir='${prefix}/var'
mandir='${datarootdir}/man'
mkdir_p=''
oldincludedir='/usr/include'
pdfdir='${docdir}'
prefix='NONE'
program_transform_name='s,x,x,'
psdir='${docdir}'
pythondir=''
sbindir='${exec_prefix}/sbin'
sharedstatedir='${prefix}/com'
sysconfdir='${prefix}/etc'
target_alias=''

## ----------- ##
## confdefs.h. ##
## ----------- ##

/* confdefs.h */
#define PACKAGE_NAME ""
#define PACKAGE_TARNAME ""
#define PACKAGE_VERSION ""
#define PACKAGE_STRING ""
#define PACKAGE_BUGREPORT ""
#define PACKAGE_URL ""

configure: exit 1
